Arguments: 
  /Users/sbacha/.nvm/versions/node/v10.21.0/bin/node /Users/sbacha/.yarn/bin/yarn.js add -D netlify prettier

PATH: 
  /Users/sbacha/google-cloud-sdk/bin:/Users/sbacha/.yarn/bin:/Users/sbacha/.config/yarn/global/node_modules/.bin:/Users/sbacha/go/bin:/Users/sbacha/User/sbacha/.solc-select:/usr/local/bin/python3.9:/usr/local/opt/python@3.7/bin:/bin:/usr/libexec/java_home:/Users/sbacha/jar/plantuml.jar:/bin:/Users/sbacha/.rvm/bin:/Users/sbacha/.rvm/bin/Users/sbacha/.yarn/bin:/Users/sbacha/.config/yarn/global/node_modules/.bin:/Users/sbacha/.nvm/versions/node/v10.21.0/bin:/Users/sbacha/local/bin:/Users/sbacha/.whiteblock/bin:/usr/local/bin:/usr/bin:/bin:/usr/sbin:/sbin:/Users/sbacha/.rvm/bin:/Users/sbacha/.rvm/bin:/Users/sbacha/.web3j:/Users/sbacha/.rvm/bin:/usr/local/Altova/MapForceServer2020/bin/mapforceserver:/Users/sbacha/.rvm/bin:/Users/sbacha/.rvm/bin:/Users/sbacha/vault:/Users/sbacha/vault/Users/sbacha/.yarn/bin:/Users/sbacha/.config/yarn/global/node_modules/.bin:/Users/sbacha/.nvm/versions/node/v10.21.0/bin:/Users/sbacha/local/bin:/Users/sbacha/.whiteblock/bin:/usr/local/bin:/usr/bin:/bin:/usr/sbin:/sbin:/Users/sbacha/.rvm/bin:/Users/sbacha/.rvm/bin:/Users/sbacha/.web3j:/Users/sbacha/.rvm/bin:/usr/local/Altova/MapForceServer2020/bin/mapforceserver:/Users/sbacha/.rvm/bin:/Users/sbacha/.rvm/bin:/Users/sbacha/vault:/usr/local/bin/vault:/usr/local/bin/vault:/Users/sbacha/.local/bin:/Users/sbacha/.rvm/gems/ruby-2.7.0/bin:/Users/sbacha/Library/Python/3.7/bin

Yarn version: 
  1.22.4

Node version: 
  10.21.0

Platform: 
  darwin x64

Trace: 
  SyntaxError: /Users/sbacha/yopen.github.io/package.json: Unexpected token 
   in JSON at position 27
      at JSON.parse (<anonymous>)
      at /Users/sbacha/.yarn/lib/cli.js:1625:59
      at Generator.next (<anonymous>)
      at step (/Users/sbacha/.yarn/lib/cli.js:310:30)
      at /Users/sbacha/.yarn/lib/cli.js:321:13

npm manifest: 
  {
    "name": "yopen-webpage,
    "version": "1.0.0",
    "description": "",
    "main": "index.js",
    "scripts": {
      "test": "echo \"Error: no test specified\" && exit 1"
    },
    "repository": {
      "type": "git",
      "url": "git+https://github.com/sambacha/yopen.github.io.git"
    },
    "keywords": [],
    "author": "",
    "license": "ISC",
    "bugs": {
      "url": "https://github.com/sambacha/yopen.github.io/issues"
    },
    "homepage": "https://github.com/sambacha/yopen.github.io#readme"
  }

yarn manifest: 
  No manifest

Lockfile: 
  # THIS IS AN AUTOGENERATED FILE. DO NOT EDIT THIS FILE DIRECTLY.
  # yarn lockfile v1
